<?xml version="1.0" encoding="UTF-8"?>
<!-- Generated by org.testng.reporters.JUnitXMLReporter -->
<testsuite ignored="0" hostname="Delson-Roy" failures="0" tests="5" name="Default test" time="0.375" errors="0" timestamp="2024-05-08T15:28:00 GMT-04:00">
  <testcase classname="day26db.Demo10" name="testA" time="0.006"/>
  <testcase classname="day26db.Demo10" name="testA" time="0.002"/>
  <testcase classname="day26db.Demo10" name="testA" time="0.001"/>
  <testcase classname="day26db.Demo10" name="testA" time="0.001"/>
  <testcase classname="day26db.Demo10" name="testA" time="0.001"/>
</testsuite> <!-- Default test -->
